This file contains any messages produced by compilers while
running configure, to aid debugging if configure makes a mistake.

It was created by configure, which was
generated by GNU Autoconf 2.52.20121002.  Invocation command line was

  $ ./configure 

## ---------- ##
## Platform.  ##
## ---------- ##

hostname = ksoh-pc
uname -m = x86_64
uname -r = 3.2.0-4-amd64
uname -s = Linux
uname -v = #1 SMP Debian 3.2.41-2

/usr/bin/uname -p = unknown
/bin/uname -X     = unknown

/bin/arch              = unknown
/usr/bin/arch -k       = unknown
/usr/convex/getsysinfo = unknown
hostinfo               = unknown
/bin/machine           = unknown
/usr/bin/oslevel       = unknown
/bin/universe          = unknown

PATH = /home/ksoh/perl5/perlbrew/bin:/home/ksoh/perl5/perlbrew/perls/perl-5.14.2/bin:/usr/local/bin:/usr/bin:/bin:/usr/local/games:/usr/games

## ------------ ##
## Core tests.  ##
## ------------ ##

configure:1004: PATH=".;."; conftest.sh
./configure: 1005: ./configure: conftest.sh: not found
configure:1007: $? = 127
configure:1049: checking build system type
configure:1067: result: x86_64-unknown-linux-gnu
configure:1075: checking host system type
configure:1089: result: x86_64-unknown-linux-gnu
configure:1115: result: Configuring for linux-gnu
configure:1127: checking for package version
configure:1148: result: 5.0
configure:1151: checking for package patch date
configure:1168: result: 20131107
configure:1179: testing ABI VERSION 5:0:4 ...
configure:1183: testing VERSION_MAJOR 5 ...
configure:1187: testing VERSION_MINOR 0 ...
configure:1191: testing VERSION_PATCH 20131107 ...
configure:1256: checking for gcc
configure:1271: found /usr/bin/gcc
configure:1279: result: gcc
configure:1507: checking for C compiler version
configure:1510: gcc --version </dev/null >&5
gcc (Debian 4.7.3-4) 4.7.3
Copyright (C) 2012 Free Software Foundation, Inc.
This is free software; see the source for copying conditions.  There is NO
warranty; not even for MERCHANTABILITY or FITNESS FOR A PARTICULAR PURPOSE.

configure:1513: $? = 0
configure:1515: gcc -v </dev/null >&5
Using built-in specs.
COLLECT_GCC=gcc
COLLECT_LTO_WRAPPER=/usr/lib/gcc/x86_64-linux-gnu/4.7/lto-wrapper
Target: x86_64-linux-gnu
Configured with: ../src/configure -v --with-pkgversion='Debian 4.7.3-4' --with-bugurl=file:///usr/share/doc/gcc-4.7/README.Bugs --enable-languages=c,c++,go,fortran,objc,obj-c++ --prefix=/usr --program-suffix=-4.7 --enable-shared --enable-linker-build-id --libexecdir=/usr/lib --without-included-gettext --enable-threads=posix --with-gxx-include-dir=/usr/include/c++/4.7 --libdir=/usr/lib --enable-nls --with-sysroot=/ --enable-clocale=gnu --enable-libstdcxx-debug --enable-libstdcxx-time=yes --enable-gnu-unique-object --enable-plugin --with-system-zlib --enable-objc-gc --with-cloog --enable-cloog-backend=ppl --disable-cloog-version-check --disable-ppl-version-check --enable-multiarch --with-arch-32=i586 --with-abi=m64 --with-multilib-list=m32,m64,mx32 --with-tune=generic --enable-checking=release --build=x86_64-linux-gnu --host=x86_64-linux-gnu --target=x86_64-linux-gnu
Thread model: posix
gcc version 4.7.3 (Debian 4.7.3-4) 
configure:1518: $? = 0
configure:1520: gcc -V </dev/null >&5
gcc: error: unrecognized command line option '-V'
gcc: fatal error: no input files
compilation terminated.
configure:1523: $? = 4
configure:1543: checking for C compiler default output
configure:1546: gcc    conftest.c  >&5
configure:1549: $? = 0
configure:1578: result: a.out
configure:1583: checking whether the C compiler works
configure:1589: ./a.out
configure:1592: $? = 0
configure:1607: result: yes
configure:1614: checking whether we are cross compiling
configure:1616: result: no
configure:1619: checking for executable suffix
configure:1621: gcc -o conftest    conftest.c  >&5
configure:1624: $? = 0
configure:1646: result: 
configure:1652: checking for object suffix
configure:1670: gcc -c   conftest.c >&5
configure:1673: $? = 0
configure:1692: result: o
configure:1696: checking whether we are using the GNU C compiler
configure:1717: gcc -c   conftest.c >&5
configure:1720: $? = 0
configure:1723: test -s conftest.o
configure:1726: $? = 0
configure:1738: result: yes
configure:1744: checking whether gcc accepts -g
configure:1762: gcc -c -g  conftest.c >&5
configure:1765: $? = 0
configure:1768: test -s conftest.o
configure:1771: $? = 0
configure:1781: result: yes
configure:1808: gcc -c -g -O2  conftest.c >&5
conftest.c:2:3: error: unknown type name 'choke'
conftest.c:2:3: error: expected '=', ',', ';', 'asm' or '__attribute__' at end of input
configure:1811: $? = 1
configure: failed program was:
#ifndef __cplusplus
  choke me
#endif
configure:1912: checking version of gcc
configure:1916: result: 4.7.3
configure:1920: checking for gcc option to accept ANSI C
configure:1977: gcc  -c -g -O2  conftest.c >&5
configure:1980: $? = 0
configure:1983: test -s conftest.o
configure:1986: $? = 0
configure:2003: result: none needed
configure:2014: checking $CC variable
configure:2106: result: ok
configure:2117: checking how to run the C preprocessor
configure:2143: gcc -E  conftest.c
configure:2149: $? = 0
configure:2176: gcc -E  conftest.c
configure:2173:28: fatal error: ac_nonexistent.h: No such file or directory
compilation terminated.
configure:2182: $? = 1
configure: failed program was:
#line 2172 "configure"
#include "confdefs.h"
#include <ac_nonexistent.h>
configure:2219: result: gcc -E
configure:2234: gcc -E  conftest.c
configure:2240: $? = 0
configure:2267: gcc -E  conftest.c
configure:2264:28: fatal error: ac_nonexistent.h: No such file or directory
compilation terminated.
configure:2273: $? = 1
configure: failed program was:
#line 2263 "configure"
#include "confdefs.h"
#include <ac_nonexistent.h>
configure:2351: checking for ranlib
configure:2366: found /usr/bin/ranlib
configure:2375: result: ranlib
configure:2399: checking for a BSD compatible install
configure:2448: result: /usr/bin/install -c
configure:2459: checking whether ln -s works
configure:2463: result: yes
configure:2470: checking if ln -s -f options work
configure:2482: result: yes
configure:2491: checking for tdlint
configure:2517: result: no
configure:2491: checking for lint
configure:2517: result: no
configure:2491: checking for alint
configure:2517: result: no
configure:2491: checking for splint
configure:2517: result: no
configure:2491: checking for lclint
configure:2517: result: no
configure:2562: checking for ar
configure:2577: found /usr/bin/ar
configure:2586: result: ar
configure:2598: checking whether make sets ${MAKE}
configure:2618: result: yes
configure:2627: checking for makeflags variable
configure:2661: result: 
configure:2664: checking if filesystem supports mixed-case filenames
configure:2691: result: yes
configure:2702: checking for exctags
configure:2728: result: no
configure:2702: checking for ctags
configure:2717: found /usr/bin/ctags
configure:2725: result: ctags
configure:2739: checking for exetags
configure:2765: result: no
configure:2739: checking for etags
configure:2754: found /usr/bin/etags
configure:2762: result: etags
configure:2774: checking for ctags
configure:2789: found /usr/bin/ctags
configure:2798: result: yes
configure:2808: checking for etags
configure:2823: found /usr/bin/etags
configure:2832: result: yes
configure:2893: checking if we must define _GNU_SOURCE
configure:2915: gcc -c -g -O2  conftest.c >&5
configure: In function 'main':
configure:2907:1: error: unknown type name 'make'
configure:2907:9: error: expected '=', ',', ';', 'asm' or '__attribute__' before 'error'
configure:2918: $? = 1
configure: failed program was:
#line 2900 "configure"
#include "confdefs.h"
#include <sys/types.h>
int
main ()
{

#ifndef _XOPEN_SOURCE
make an error
#endif
  ;
  return 0;
}
configure:2948: gcc -c -g -O2  -D_GNU_SOURCE conftest.c >&5
configure: In function 'main':
configure:2940:1: error: unknown type name 'make'
configure:2940:9: error: expected '=', ',', ';', 'asm' or '__attribute__' before 'error'
configure:2951: $? = 1
configure: failed program was:
#line 2933 "configure"
#include "confdefs.h"
#include <sys/types.h>
int
main ()
{

#ifdef _XOPEN_SOURCE
make an error
#endif
  ;
  return 0;
}
configure:2972: result: yes
configure:3749: checking if _XOPEN_SOURCE really is set
configure:3767: gcc -c -g -O2  -D_GNU_SOURCE conftest.c >&5
configure:3770: $? = 0
configure:3773: test -s conftest.o
configure:3776: $? = 0
configure:3785: result: yes
configure:3805: gcc -c -g -O2  -D_GNU_SOURCE conftest.c >&5
configure:3808: $? = 0
configure:3811: test -s conftest.o
configure:3814: $? = 0
configure:4015: checking if you want to see long compiling messages
configure:4049: result: yes
configure:4092: checking for specific curses-directory
configure:4102: result: no
configure:4251: checking if you want to check for gcc warnings
configure:4261: result: no
configure:4611: checking if you want to use pkg-config
configure:4621: result: yes
configure:4673: checking for pkg-config
configure:4690: found /usr/bin/pkg-config
configure:4702: result: /usr/bin/pkg-config
configure:4756: checking if rpath option should be used
configure:4766: result: no
configure:4770: checking for an rpath option
configure:4801: result: -Wl,-rpath,
configure:4848: checking if rpath-hack should be disabled
configure:4865: result: no
configure:4869: checking for updated LDFLAGS
configure:4872: result: maybe
configure:4879: checking for ldd
configure:4894: found /usr/bin/ldd
configure:4902: result: ldd
configure:4931: gcc -o conftest -g -O2  -D_GNU_SOURCE  conftest.c  >&5
configure:4934: $? = 0
configure:4937: test -s conftest
configure:4940: $? = 0
configure:4980: testing ...checking EXTRA_LDFLAGS  ...
configure:4984: testing ...checking LDFLAGS  ...
configure:5034: testing ...checked LDFLAGS  ...
configure:5038: testing ...checking LIBS  ...
configure:5088: testing ...checked LIBS  ...
configure:5092: testing ...checked EXTRA_LDFLAGS  ...
configure:5188: checking if libtool -version-number should be used
configure:5205: result: yes
configure:5230: checking if you want to build libraries with libtool
configure:5240: result: no
configure:5565: checking if you want to build shared libraries
configure:5575: result: no
configure:6182: checking if you want to use dmalloc for testing
configure:6199: result: no
configure:6394: checking if you want to use dbmalloc for testing
configure:6411: result: no
configure:6606: checking if you want to use valgrind for testing
configure:6623: result: no
configure:6716: checking if you want to perform memory-leak testing
configure:6726: result: no
configure:6744: checking for dirent.h that defines DIR
configure:6765: gcc -c -g -O2  -D_GNU_SOURCE conftest.c >&5
configure:6768: $? = 0
configure:6771: test -s conftest.o
configure:6774: $? = 0
configure:6784: result: yes
configure:6797: checking for opendir in -ldir
configure:6824: gcc -o conftest -g -O2  -D_GNU_SOURCE  conftest.c -ldir   >&5
/usr/bin/ld: cannot find -ldir
collect2: error: ld returned 1 exit status
configure:6827: $? = 1
configure: failed program was:
#line 6805 "configure"
#include "confdefs.h"

/* Override any gcc2 internal prototype to avoid an error.  */
#ifdef __cplusplus
extern "C"
#endif
/* We use char because int might match the return type of a gcc2
   builtin and then its argument prototype would still apply.  */
char opendir ();
int
main ()
{
opendir ();
  ;
  return 0;
}
configure:6844: result: no
configure:6906: checking for ANSI C header files
configure:6920: gcc -E  -D_GNU_SOURCE conftest.c
configure:6926: $? = 0
configure:7013: gcc -o conftest -g -O2  -D_GNU_SOURCE  conftest.c  >&5
configure:7016: $? = 0
configure:7018: ./conftest
configure:7021: $? = 0
configure:7034: result: yes
configure:7052: checking for limits.h
configure:7062: gcc -E  -D_GNU_SOURCE conftest.c
configure:7068: $? = 0
configure:7087: result: yes
configure:7052: checking for unistd.h
configure:7062: gcc -E  -D_GNU_SOURCE conftest.c
configure:7068: $? = 0
configure:7087: result: yes
configure:7052: checking for pwd.h
configure:7062: gcc -E  -D_GNU_SOURCE conftest.c
configure:7068: $? = 0
configure:7087: result: yes
configure:7052: checking for grp.h
configure:7062: gcc -E  -D_GNU_SOURCE conftest.c
configure:7068: $? = 0
configure:7087: result: yes
configure:7103: checking for sys/types.h
configure:7115: gcc -c -g -O2  -D_GNU_SOURCE conftest.c >&5
configure:7118: $? = 0
configure:7121: test -s conftest.o
configure:7124: $? = 0
configure:7134: result: yes
configure:7103: checking for sys/stat.h
configure:7115: gcc -c -g -O2  -D_GNU_SOURCE conftest.c >&5
configure:7118: $? = 0
configure:7121: test -s conftest.o
configure:7124: $? = 0
configure:7134: result: yes
configure:7103: checking for stdlib.h
configure:7115: gcc -c -g -O2  -D_GNU_SOURCE conftest.c >&5
configure:7118: $? = 0
configure:7121: test -s conftest.o
configure:7124: $? = 0
configure:7134: result: yes
configure:7103: checking for string.h
configure:7115: gcc -c -g -O2  -D_GNU_SOURCE conftest.c >&5
configure:7118: $? = 0
configure:7121: test -s conftest.o
configure:7124: $? = 0
configure:7134: result: yes
configure:7103: checking for memory.h
configure:7115: gcc -c -g -O2  -D_GNU_SOURCE conftest.c >&5
configure:7118: $? = 0
configure:7121: test -s conftest.o
configure:7124: $? = 0
configure:7134: result: yes
configure:7103: checking for strings.h
configure:7115: gcc -c -g -O2  -D_GNU_SOURCE conftest.c >&5
configure:7118: $? = 0
configure:7121: test -s conftest.o
configure:7124: $? = 0
configure:7134: result: yes
configure:7103: checking for inttypes.h
configure:7115: gcc -c -g -O2  -D_GNU_SOURCE conftest.c >&5
configure:7118: $? = 0
configure:7121: test -s conftest.o
configure:7124: $? = 0
configure:7134: result: yes
configure:7103: checking for stdint.h
configure:7115: gcc -c -g -O2  -D_GNU_SOURCE conftest.c >&5
configure:7118: $? = 0
configure:7121: test -s conftest.o
configure:7124: $? = 0
configure:7134: result: yes
configure:7103: checking for unistd.h
configure:7134: result: yes
configure:7144: checking for mode_t
configure:7165: gcc -c -g -O2  -D_GNU_SOURCE conftest.c >&5
configure:7168: $? = 0
configure:7171: test -s conftest.o
configure:7174: $? = 0
configure:7184: result: yes
configure:7196: checking whether struct tm is in sys/time.h or time.h
configure:7216: gcc -c -g -O2  -D_GNU_SOURCE conftest.c >&5
configure:7219: $? = 0
configure:7222: test -s conftest.o
configure:7225: $? = 0
configure:7235: result: time.h
configure:7245: checking for extra include directories
configure:7271: result: no
configure:7275: checking if we have identified curses headers
configure:7299: gcc -c -g -O2  -D_GNU_SOURCE conftest.c >&5
configure:7302: $? = 0
configure:7305: test -s conftest.o
configure:7308: $? = 0
configure:7319: result: ncurses.h
configure:7333: checking for ncurses.h
configure:7343: gcc -E  -D_GNU_SOURCE conftest.c
configure:7349: $? = 0
configure:7368: result: yes
configure:7378: checking for terminfo header
configure:7411: gcc -c -g -O2  -D_GNU_SOURCE conftest.c >&5
configure:7414: $? = 0
configure:7417: test -s conftest.o
configure:7420: $? = 0
configure:7436: result: term.h
configure:7468: checking for chtype typedef
configure:7487: gcc -c -g -O2  -D_GNU_SOURCE conftest.c >&5
configure:7490: $? = 0
configure:7493: test -s conftest.o
configure:7496: $? = 0
configure:7506: result: yes
configure:7514: checking if chtype is scalar or struct
configure:7533: gcc -c -g -O2  -D_GNU_SOURCE conftest.c >&5
configure:7536: $? = 0
configure:7539: test -s conftest.o
configure:7542: $? = 0
configure:7552: result: scalar
configure:7566: checking for unistd.h
configure:7601: result: yes
configure:7566: checking for getopt.h
configure:7576: gcc -E  -D_GNU_SOURCE conftest.c
configure:7582: $? = 0
configure:7601: result: yes
configure:7611: checking for header declaring getopt variables
configure:7634: gcc -c -g -O2  -D_GNU_SOURCE conftest.c >&5
configure: In function 'main':
configure:7627:9: error: 'optind' undeclared (first use in this function)
configure:7627:9: note: each undeclared identifier is reported only once for each function it appears in
configure:7627:27: error: 'optarg' undeclared (first use in this function)
configure:7637: $? = 1
configure: failed program was:
#line 7621 "configure"
#include "confdefs.h"

#include <stdio.h>
int
main ()
{
int x = optind; char *y = optarg
  ;
  return 0;
}
configure:7634: gcc -c -g -O2  -D_GNU_SOURCE conftest.c >&5
configure: In function 'main':
configure:7627:9: error: 'optind' undeclared (first use in this function)
configure:7627:9: note: each undeclared identifier is reported only once for each function it appears in
configure:7627:27: error: 'optarg' undeclared (first use in this function)
configure:7637: $? = 1
configure: failed program was:
#line 7621 "configure"
#include "confdefs.h"

#include <stdlib.h>
int
main ()
{
int x = optind; char *y = optarg
  ;
  return 0;
}
configure:7634: gcc -c -g -O2  -D_GNU_SOURCE conftest.c >&5
configure:7637: $? = 0
configure:7640: test -s conftest.o
configure:7643: $? = 0
configure:7655: result: unistd.h
configure:7675: checking for getcwd
configure:7712: gcc -o conftest -g -O2  -D_GNU_SOURCE  conftest.c  >&5
configure:7715: $? = 0
configure:7718: test -s conftest
configure:7721: $? = 0
configure:7731: result: yes
configure:7675: checking for mktime
configure:7712: gcc -o conftest -g -O2  -D_GNU_SOURCE  conftest.c  >&5
configure:7715: $? = 0
configure:7718: test -s conftest
configure:7721: $? = 0
configure:7731: result: yes
configure:7675: checking for strdup
configure:7712: gcc -o conftest -g -O2  -D_GNU_SOURCE  conftest.c  >&5
configure:7691:6: warning: conflicting types for built-in function 'strdup' [enabled by default]
configure:7715: $? = 0
configure:7718: test -s conftest
configure:7721: $? = 0
configure:7731: result: yes
configure:7675: checking for strerror
configure:7712: gcc -o conftest -g -O2  -D_GNU_SOURCE  conftest.c  >&5
configure:7715: $? = 0
configure:7718: test -s conftest
configure:7721: $? = 0
configure:7731: result: yes
configure:7675: checking for getlogin
configure:7712: gcc -o conftest -g -O2  -D_GNU_SOURCE  conftest.c  >&5
configure:7715: $? = 0
configure:7718: test -s conftest
configure:7721: $? = 0
configure:7731: result: yes
configure:7675: checking for sleep
configure:7712: gcc -o conftest -g -O2  -D_GNU_SOURCE  conftest.c  >&5
configure:7715: $? = 0
configure:7718: test -s conftest
configure:7721: $? = 0
configure:7731: result: yes
configure:7741: checking for lstat
configure:7762: gcc -o conftest -g -O2  -D_GNU_SOURCE  conftest.c  >&5
configure:7765: $? = 0
configure:7768: test -s conftest
configure:7771: $? = 0
configure:7783: result: yes 
configure:7793: checking for setlocale()
configure:7812: gcc -o conftest -g -O2  -D_GNU_SOURCE  conftest.c  >&5
configure:7815: $? = 0
configure:7818: test -s conftest
configure:7821: $? = 0
configure:7833: result: yes
configure:7841: checking for specific curses-directory
configure:7851: result: no
configure:8000: checking for specified curses library type
configure:8037: result: curses
configure:8043: checking for extra include directories
configure:8069: result: no
configure:8073: checking if we have identified curses headers
configure:8117: result: ncurses.h
configure:8131: checking for ncurses.h
configure:8166: result: yes
configure:8176: checking for terminfo header
configure:8234: result: term.h
configure:8266: checking for ncurses version
configure:8330: gcc -o conftest -g -O2  -D_GNU_SOURCE  conftest.c  >&5
configure:8333: $? = 0
configure:8335: ./conftest
configure:8338: $? = 0
configure:8352: result: 5.9.20130608
configure:8359: checking if we have identified curses libraries
configure:8374: gcc -o conftest -g -O2  -D_GNU_SOURCE  conftest.c  >&5
/tmp/ccyqA2Au.o: In function `main':
/home/ksoh/Downloads/cdk/cdk-5.0-20131107/configure:8367: undefined reference to `initscr'
/home/ksoh/Downloads/cdk/cdk-5.0-20131107/configure:8367: undefined reference to `tgoto'
collect2: error: ld returned 1 exit status
configure:8377: $? = 1
configure: failed program was:
#line 8362 "configure"
#include "confdefs.h"
#include <ncurses.h>
int
main ()
{
initscr(); tgoto("?", 0,0)
  ;
  return 0;
}
configure:8392: result: no
configure:8602: testing adding /lib64 to library-path ...
configure:8726: checking for tgoto
configure:8763: gcc -o conftest -g -O2  -D_GNU_SOURCE -L/lib64  conftest.c  >&5
/tmp/ccwImtdA.o: In function `main':
/home/ksoh/Downloads/cdk/cdk-5.0-20131107/configure:8754: undefined reference to `tgoto'
collect2: error: ld returned 1 exit status
configure:8766: $? = 1
configure: failed program was:
#line 8732 "configure"
#include "confdefs.h"
/* System header to define __stub macros and hopefully few prototypes,
    which can conflict with char tgoto (); below.  */
#include <assert.h>
/* Override any gcc2 internal prototype to avoid an error.  */
#ifdef __cplusplus
extern "C"
#endif
/* We use char because int might match the return type of a gcc2
   builtin and then its argument prototype would still apply.  */
char tgoto ();
char (*f) ();

int
main ()
{
/* The GNU C library defines this for functions which it implements
    to always fail with ENOSYS.  Some functions are actually named
    something starting with __ and the normal name is an alias.  */
#if defined (__stub_tgoto) || defined (__stub___tgoto)
choke me
#else
f = tgoto; /* workaround for ICC 12.0.3 */ if (f == 0) return 1;
#endif

  ;
  return 0;
}
configure:8782: result: no
configure:8791: checking for tgoto in -lncurses
configure:8818: gcc -o conftest -g -O2  -D_GNU_SOURCE -L/lib64  conftest.c -lncurses   >&5
configure:8821: $? = 0
configure:8824: test -s conftest
configure:8827: $? = 0
configure:8838: result: yes
configure:8857: checking for initscr in -lncurses
configure:8884: gcc -o conftest -g -O2  -D_GNU_SOURCE -L/lib64  conftest.c -lncurses  -lncurses  >&5
configure:8887: $? = 0
configure:8890: test -s conftest
configure:8893: $? = 0
configure:8904: result: yes
configure:15575: checking for XXX-config rootname
configure:15583: result: cdk
configure:15586: checking if cdk.h should be in header subdirectory
configure:15594: result: 
configure:15604: checking for header subdirectory
configure:15612: result: cdk
configure:15615: checking for library name
configure:15623: result: cdk
configure:15626: checking if improved const-typing should be used
configure:15636: result: no
configure:15662: checking if we must define _XOPEN_SOURCE_EXTENDED
configure:15691: gcc -o conftest -g -O2  -D_GNU_SOURCE -L/lib64  conftest.c -lncurses  >&5
configure:15694: $? = 0
configure:15697: test -s conftest
configure:15700: $? = 0
configure:15750: result: no
configure:15754: checking for term.h
configure:15859: result: term.h
configure:15886: checking for unctrl.h
configure:15921: gcc -c -g -O2  -D_GNU_SOURCE conftest.c >&5
configure:15924: $? = 0
configure:15927: test -s conftest.o
configure:15930: $? = 0
configure:15943: result: unctrl.h
configure:15990: checking for Xinitscr
configure:15993: testing Xinitscr ...
configure:16034: gcc -o conftest -g -O2  -D_GNU_SOURCE -L/lib64  conftest.c -lncurses  >&5
configure: In function 'main':
configure:16023:20: error: 'Xinitscr' undeclared (first use in this function)
configure:16023:20: note: each undeclared identifier is reported only once for each function it appears in
configure:16037: $? = 1
configure: failed program was:
#line 16002 "configure"
#include "confdefs.h"

#ifdef HAVE_XCURSES
#include <xcurses.h>
char * XCursesProgramName = "test";
#else
#include <ncurses.h>
#if defined(NCURSES_VERSION) && defined(HAVE_NCURSESW_TERM_H)
#include <ncursesw/term.h>
#elif defined(NCURSES_VERSION) && defined(HAVE_NCURSES_TERM_H)
#include <ncurses/term.h>
#elif defined(HAVE_TERM_H)
#include <term.h>
#endif
#endif

int
main ()
{

#ifndef Xinitscr
long foo = (long)(&Xinitscr);
if (foo + 1234 > 5678)
	return(foo);
#endif

  ;
  return 0;
}
configure:16059: result: no
configure:15990: checking for getbegx
configure:15993: testing getbegx ...
configure:16034: gcc -o conftest -g -O2  -D_GNU_SOURCE -L/lib64  conftest.c -lncurses  >&5
configure:16037: $? = 0
configure:16040: test -s conftest
configure:16043: $? = 0
configure:16059: result: yes
configure:15990: checking for getbegy
configure:15993: testing getbegy ...
configure:16034: gcc -o conftest -g -O2  -D_GNU_SOURCE -L/lib64  conftest.c -lncurses  >&5
configure:16037: $? = 0
configure:16040: test -s conftest
configure:16043: $? = 0
configure:16059: result: yes
configure:15990: checking for getmaxx
configure:15993: testing getmaxx ...
configure:16034: gcc -o conftest -g -O2  -D_GNU_SOURCE -L/lib64  conftest.c -lncurses  >&5
configure:16037: $? = 0
configure:16040: test -s conftest
configure:16043: $? = 0
configure:16059: result: yes
configure:15990: checking for getmaxy
configure:15993: testing getmaxy ...
configure:16034: gcc -o conftest -g -O2  -D_GNU_SOURCE -L/lib64  conftest.c -lncurses  >&5
configure:16037: $? = 0
configure:16040: test -s conftest
configure:16043: $? = 0
configure:16059: result: yes
configure:15990: checking for start_color
configure:15993: testing start_color ...
configure:16034: gcc -o conftest -g -O2  -D_GNU_SOURCE -L/lib64  conftest.c -lncurses  >&5
configure:16037: $? = 0
configure:16040: test -s conftest
configure:16043: $? = 0
configure:16059: result: yes
configure:16184: checking how to define setbegyx
configure:16209: gcc -c -g -O2  -D_GNU_SOURCE conftest.c >&5
configure:16212: $? = 0
configure:16215: test -s conftest.o
configure:16218: $? = 0
configure:16227: result: "((win)->_begy = (y), (win)->_begx = (x), OK)"
configure:16342: creating ./config.status

## ----------------------- ##
## Running config.status.  ##
## ----------------------- ##

This file was extended by config.status 2.52.20121002, executed with
  CONFIG_FILES    = 
  CONFIG_HEADERS  = 
  CONFIG_LINKS    = 
  CONFIG_COMMANDS = 
  > ./config.status 
on ksoh-pc

config.status:16899: creating cdk-config
config.status:16899: creating include/cdk_version.h
config.status:16899: creating Makefile
config.status:16899: creating cli/Makefile
config.status:16899: creating examples/Makefile
config.status:16899: creating demos/Makefile
config.status:17052: creating include/cdk_config.h

## ----------------- ##
## Cache variables.  ##
## ----------------- ##

ac_cv_build='x86_64-unknown-linux-gnu'
ac_cv_build_alias='x86_64-unknown-linux-gnu'
ac_cv_c_compiler_gnu='yes'
ac_cv_env_CC_set=''
ac_cv_env_CC_value=''
ac_cv_env_CFLAGS_set=''
ac_cv_env_CFLAGS_value=''
ac_cv_env_CPPFLAGS_set=''
ac_cv_env_CPPFLAGS_value=''
ac_cv_env_CPP_set=''
ac_cv_env_CPP_value=''
ac_cv_env_LDFLAGS_set=''
ac_cv_env_LDFLAGS_value=''
ac_cv_env_build_alias_set=''
ac_cv_env_build_alias_value=''
ac_cv_env_host_alias_set=''
ac_cv_env_host_alias_value=''
ac_cv_env_target_alias_set=''
ac_cv_env_target_alias_value=''
ac_cv_func_getcwd='yes'
ac_cv_func_getlogin='yes'
ac_cv_func_lstat='yes'
ac_cv_func_mktime='yes'
ac_cv_func_sleep='yes'
ac_cv_func_strdup='yes'
ac_cv_func_strerror='yes'
ac_cv_func_tgoto='no'
ac_cv_header_dirent_dirent_h='yes'
ac_cv_header_getopt_h='yes'
ac_cv_header_grp_h='yes'
ac_cv_header_inttypes_h='yes'
ac_cv_header_limits_h='yes'
ac_cv_header_memory_h='yes'
ac_cv_header_ncurses_h='yes'
ac_cv_header_pwd_h='yes'
ac_cv_header_stdc='yes'
ac_cv_header_stdint_h='yes'
ac_cv_header_stdlib_h='yes'
ac_cv_header_string_h='yes'
ac_cv_header_strings_h='yes'
ac_cv_header_sys_stat_h='yes'
ac_cv_header_sys_types_h='yes'
ac_cv_header_unistd_h='yes'
ac_cv_host='x86_64-unknown-linux-gnu'
ac_cv_host_alias='x86_64-unknown-linux-gnu'
ac_cv_lib_dir_opendir='no'
ac_cv_lib_ncurses___initscr='yes'
ac_cv_lib_ncurses___tgoto='yes'
ac_cv_objext='o'
ac_cv_path_ac_pt_PKG_CONFIG='/usr/bin/pkg-config'
ac_cv_path_install='/usr/bin/install -c'
ac_cv_prog_CPP='gcc -E'
ac_cv_prog_CTAGS='ctags'
ac_cv_prog_ETAGS='etags'
ac_cv_prog_MAKE_LOWER_TAGS='yes'
ac_cv_prog_MAKE_UPPER_TAGS='yes'
ac_cv_prog_ac_ct_AR='ar'
ac_cv_prog_ac_ct_CC='gcc'
ac_cv_prog_ac_ct_RANLIB='ranlib'
ac_cv_prog_cc_g='yes'
ac_cv_prog_cc_stdc=''
ac_cv_prog_cf_ldd_prog='ldd'
ac_cv_prog_make_make_set='yes'
ac_cv_struct_tm='time.h'
ac_cv_type_mode_t='yes'
cf_cv_abi_version='0'
cf_cv_chtype_decl='yes'
cf_cv_chtype_type='scalar'
cf_cv_curses_dir='no'
cf_cv_curses_incdir='no'
cf_cv_enable_rpath='no'
cf_cv_func_Xinitscr='no'
cf_cv_func_getbegx='yes'
cf_cv_func_getbegy='yes'
cf_cv_func_getmaxx='yes'
cf_cv_func_getmaxy='yes'
cf_cv_func_start_color='yes'
cf_cv_getopt_header='unistd.h'
cf_cv_gnu_source='yes'
cf_cv_locale='yes'
cf_cv_makeflags=''
cf_cv_mixedcase='yes'
cf_cv_ncurses_header='ncurses.h'
cf_cv_ncurses_version='5.9.20130608'
cf_cv_need_xopen_extension='no'
cf_cv_rel_version='5.0'
cf_cv_screen='curses'
cf_cv_system_name='linux-gnu'
cf_cv_term_header='term.h'
cf_cv_unctrl_header='unctrl.h'

## ------------ ##
## confdefs.h.  ##
## ------------ ##

#define SYSTEM_NAME "linux-gnu"
#define PACKAGE "cdk"
#define CDK_VERSION "5.0"
#define CDK_PATCHDATE 20131107
#define MIXEDCASE_FILENAMES 1
#define HAVE_DIRENT_H 1
#define STDC_HEADERS 1
#define HAVE_LIMITS_H 1
#define HAVE_UNISTD_H 1
#define HAVE_PWD_H 1
#define HAVE_GRP_H 1
#define HAVE_SYS_TYPES_H 1
#define HAVE_SYS_STAT_H 1
#define HAVE_STDLIB_H 1
#define HAVE_STRING_H 1
#define HAVE_MEMORY_H 1
#define HAVE_STRINGS_H 1
#define HAVE_INTTYPES_H 1
#define HAVE_STDINT_H 1
#define HAVE_UNISTD_H 1
#define HAVE_NCURSES_H 1
#define HAVE_TERM_H 1
#define HAVE_TYPE_CHTYPE 1
#define TYPE_CHTYPE_IS_SCALAR 1
#define HAVE_UNISTD_H 1
#define HAVE_GETOPT_H 1
#define HAVE_GETOPT_HEADER 1
#define HAVE_GETCWD 1
#define HAVE_MKTIME 1
#define HAVE_STRDUP 1
#define HAVE_STRERROR 1
#define HAVE_GETLOGIN 1
#define HAVE_SLEEP 1
#define HAVE_LSTAT 1
#define HAVE_SETLOCALE 1
#define HAVE_NCURSES_H 1
#define HAVE_TERM_H 1
#define NCURSES 1
#define CDK_CONST /*nothing*/
#define CDK_CSTRING CDK_CONST char *
#define CDK_CSTRING2 CDK_CONST char * CDK_CONST *
#define HAVE_TERM_H 1
#define HAVE_UNCTRL_H 1
#define HAVE_GETBEGX 1
#define HAVE_GETBEGY 1
#define HAVE_GETMAXX 1
#define HAVE_GETMAXY 1
#define HAVE_START_COLOR 1
#define setbegyx(win,y,x) ((win)->_begy = (y), (win)->_begx = (x), OK)


configure: exit 0
